Watching for file changes with StatReloader
"GET / HTTP/1.1" 200 1713
"GET /bom_upload/ HTTP/1.1" 200 2355
C:\Users\opti6\OneDrive\Documents\mfg-production-schedule-django\mfg-production-schedule-django\manufacturing_schedule\bom\views.py changed, reloading.
Watching for file changes with StatReloader
"POST /bom_upload/ HTTP/1.1" 200 7
C:\Users\opti6\OneDrive\Documents\mfg-production-schedule-django\mfg-production-schedule-django\manufacturing_schedule\bom\views.py changed, reloading.
Watching for file changes with StatReloader
C:\Users\opti6\OneDrive\Documents\mfg-production-schedule-django\mfg-production-schedule-django\manufacturing_schedule\bom\views.py changed, reloading.
Watching for file changes with StatReloader
C:\Users\opti6\OneDrive\Documents\mfg-production-schedule-django\mfg-production-schedule-django\manufacturing_schedule\bom\views.py changed, reloading.
Watching for file changes with StatReloader
C:\Users\opti6\OneDrive\Documents\mfg-production-schedule-django\mfg-production-schedule-django\manufacturing_schedule\bom\views.py changed, reloading.
Watching for file changes with StatReloader
C:\Users\opti6\OneDrive\Documents\mfg-production-schedule-django\mfg-production-schedule-django\manufacturing_schedule\bom\views.py changed, reloading.
Watching for file changes with StatReloader
"GET /bom_upload/ HTTP/1.1" 200 2355
"POST /bom_upload/ HTTP/1.1" 200 7
C:\Users\opti6\OneDrive\Documents\mfg-production-schedule-django\mfg-production-schedule-django\manufacturing_schedule\bom\views.py changed, reloading.
Watching for file changes with StatReloader
C:\Users\opti6\OneDrive\Documents\mfg-production-schedule-django\mfg-production-schedule-django\manufacturing_schedule\bom\views.py changed, reloading.
Watching for file changes with StatReloader
C:\Users\opti6\OneDrive\Documents\mfg-production-schedule-django\mfg-production-schedule-django\manufacturing_schedule\bom\views.py changed, reloading.
Watching for file changes with StatReloader
C:\Users\opti6\OneDrive\Documents\mfg-production-schedule-django\mfg-production-schedule-django\manufacturing_schedule\bom\views.py changed, reloading.
Watching for file changes with StatReloader
C:\Users\opti6\OneDrive\Documents\mfg-production-schedule-django\mfg-production-schedule-django\manufacturing_schedule\bom\models.py changed, reloading.
Watching for file changes with StatReloader
C:\Users\opti6\OneDrive\Documents\mfg-production-schedule-django\mfg-production-schedule-django\manufacturing_schedule\bom\views.py changed, reloading.
Watching for file changes with StatReloader
C:\Users\opti6\OneDrive\Documents\mfg-production-schedule-django\mfg-production-schedule-django\manufacturing_schedule\bom\views.py changed, reloading.
Watching for file changes with StatReloader
C:\Users\opti6\OneDrive\Documents\mfg-production-schedule-django\mfg-production-schedule-django\manufacturing_schedule\bom\views.py changed, reloading.
Watching for file changes with StatReloader
"GET /bom_upload/ HTTP/1.1" 200 2355
"POST /bom_upload/ HTTP/1.1" 200 7
"GET /admin/ HTTP/1.1" 302 0
"GET /admin/login/?next=/admin/ HTTP/1.1" 200 2215
"GET /static/admin/css/base.css HTTP/1.1" 304 0
"GET /static/admin/css/login.css HTTP/1.1" 304 0
"GET /static/admin/css/nav_sidebar.css HTTP/1.1" 304 0
"GET /static/admin/css/responsive.css HTTP/1.1" 304 0
"GET /static/admin/js/nav_sidebar.js HTTP/1.1" 304 0
"GET /static/admin/css/fonts.css HTTP/1.1" 304 0
"GET /static/admin/fonts/Roboto-Regular-webfont.woff HTTP/1.1" 304 0
"GET /static/admin/fonts/Roboto-Light-webfont.woff HTTP/1.1" 304 0
"POST /admin/login/?next=/admin/ HTTP/1.1" 302 0
"GET /admin/ HTTP/1.1" 200 7956
"GET /static/admin/css/dashboard.css HTTP/1.1" 304 0
"GET /static/admin/img/icon-addlink.svg HTTP/1.1" 304 0
"GET /static/admin/img/icon-changelink.svg HTTP/1.1" 304 0
"GET /static/admin/fonts/Roboto-Bold-webfont.woff HTTP/1.1" 304 0
"GET /static/admin/img/icon-deletelink.svg HTTP/1.1" 200 392
"GET /admin/bom/bom/ HTTP/1.1" 200 7233
"GET /static/admin/css/changelists.css HTTP/1.1" 304 0
"GET /static/admin/js/jquery.init.js HTTP/1.1" 304 0
"GET /static/admin/js/vendor/jquery/jquery.js HTTP/1.1" 304 0
"GET /static/admin/js/core.js HTTP/1.1" 304 0
"GET /static/admin/js/admin/RelatedObjectLookups.js HTTP/1.1" 304 0
"GET /static/admin/js/prepopulate.js HTTP/1.1" 304 0
"GET /static/admin/js/actions.js HTTP/1.1" 304 0
"GET /static/admin/js/urlify.js HTTP/1.1" 304 0
"GET /static/admin/js/vendor/xregexp/xregexp.js HTTP/1.1" 304 0
"GET /admin/jsi18n/ HTTP/1.1" 200 3343
"GET /static/admin/img/tooltag-add.svg HTTP/1.1" 304 0
"GET /admin/bom/lineitempart/ HTTP/1.1" 200 7301
"GET /admin/jsi18n/ HTTP/1.1" 200 3343
"GET /admin/bom/parts/ HTTP/1.1" 200 7282
"GET /admin/jsi18n/ HTTP/1.1" 200 3343
Watching for file changes with StatReloader
"GET /admin/bom/lineitempart/ HTTP/1.1" 200 7301
"GET /admin/bom/bom/ HTTP/1.1" 200 7233
"GET /admin/ HTTP/1.1" 200 7956
"GET /admin/login/?next=/admin/ HTTP/1.1" 302 0
"GET /admin/ HTTP/1.1" 200 7956
"GET /bom_upload/ HTTP/1.1" 200 2355
"POST /bom_upload/ HTTP/1.1" 200 7
"GET /admin/ HTTP/1.1" 200 7956
"GET /admin/bom/bom/ HTTP/1.1" 200 8375
"GET /admin/jsi18n/ HTTP/1.1" 200 3343
"GET /admin/bom/bom/1/change/ HTTP/1.1" 200 10476
"GET /static/admin/css/forms.css HTTP/1.1" 304 0
"GET /static/admin/js/calendar.js HTTP/1.1" 304 0
"GET /static/admin/js/admin/DateTimeShortcuts.js HTTP/1.1" 304 0
"GET /admin/jsi18n/ HTTP/1.1" 200 3343
"GET /static/admin/css/widgets.css HTTP/1.1" 304 0
"GET /static/admin/js/prepopulate_init.js HTTP/1.1" 304 0
"GET /static/admin/js/change_form.js HTTP/1.1" 304 0
"GET /static/admin/img/icon-calendar.svg HTTP/1.1" 304 0
"GET /admin/bom/lineitempart/ HTTP/1.1" 200 9160
"GET /admin/jsi18n/ HTTP/1.1" 200 3343
"GET /admin/bom/parts/ HTTP/1.1" 200 9024
"GET /admin/jsi18n/ HTTP/1.1" 200 3343
"GET /admin/bom/parts/1/change/ HTTP/1.1" 200 13773
"GET /admin/jsi18n/ HTTP/1.1" 200 3343
Watching for file changes with StatReloader
"GET / HTTP/1.1" 200 1713
Not Found: /favicon.ico
"GET /favicon.ico HTTP/1.1" 404 2475
"GET /bom_upload/ HTTP/1.1" 200 2355
"POST /bom_upload/ HTTP/1.1" 200 7
"GET /admin/ HTTP/1.1" 302 0
"GET /admin/login/?next=/admin/ HTTP/1.1" 200 2218
"GET /static/admin/css/base.css HTTP/1.1" 304 0
"GET /static/admin/css/dark_mode.css HTTP/1.1" 304 0
"GET /static/admin/css/nav_sidebar.css HTTP/1.1" 304 0
"GET /static/admin/css/login.css HTTP/1.1" 304 0
"GET /static/admin/css/fonts.css HTTP/1.1" 304 0
"GET /static/admin/css/responsive.css HTTP/1.1" 304 0
"GET /static/admin/js/nav_sidebar.js HTTP/1.1" 304 0
"GET /static/admin/fonts/Roboto-Regular-webfont.woff HTTP/1.1" 304 0
"GET /static/admin/fonts/Roboto-Light-webfont.woff HTTP/1.1" 304 0
"POST /admin/login/?next=/admin/ HTTP/1.1" 302 0
"GET /admin/ HTTP/1.1" 200 8209
"GET /static/admin/css/dashboard.css HTTP/1.1" 304 0
"GET /static/admin/img/icon-addlink.svg HTTP/1.1" 304 0
"GET /static/admin/img/icon-changelink.svg HTTP/1.1" 304 0
"GET /static/admin/fonts/Roboto-Bold-webfont.woff HTTP/1.1" 304 0
"GET /admin/bom/parts/ HTTP/1.1" 200 9540
"GET /static/admin/css/changelists.css HTTP/1.1" 304 0
"GET /static/admin/js/vendor/jquery/jquery.js HTTP/1.1" 304 0
"GET /static/admin/js/jquery.init.js HTTP/1.1" 304 0
"GET /static/admin/js/urlify.js HTTP/1.1" 304 0
"GET /static/admin/js/actions.js HTTP/1.1" 304 0
"GET /static/admin/js/core.js HTTP/1.1" 304 0
"GET /static/admin/js/admin/RelatedObjectLookups.js HTTP/1.1" 304 0
"GET /static/admin/js/prepopulate.js HTTP/1.1" 304 0
"GET /static/admin/js/vendor/xregexp/xregexp.js HTTP/1.1" 304 0
"GET /admin/jsi18n/ HTTP/1.1" 200 3343
"GET /static/admin/js/filters.js HTTP/1.1" 304 0
"GET /static/admin/img/tooltag-add.svg HTTP/1.1" 304 0
"GET /admin/bom/parts/5/change/ HTTP/1.1" 200 16916
"GET /static/admin/css/forms.css HTTP/1.1" 304 0
"GET /static/admin/js/prepopulate_init.js HTTP/1.1" 304 0
"GET /admin/jsi18n/ HTTP/1.1" 200 3343
"GET /static/admin/css/widgets.css HTTP/1.1" 304 0
"GET /static/admin/js/change_form.js HTTP/1.1" 304 0
"GET /admin/bom/parts/ HTTP/1.1" 200 9540
"GET /admin/jsi18n/ HTTP/1.1" 200 3343
C:\Users\opti6\OneDrive\Documents\mfg-production-schedule-django\mfg-production-schedule-django\manufacturing_schedule\bom\views.py changed, reloading.
Watching for file changes with StatReloader
"GET /admin/bom/parts/5/change/ HTTP/1.1" 200 16916
"GET /admin/bom/parts/ HTTP/1.1" 200 9540
"GET /admin/bom/bom/ HTTP/1.1" 200 8895
"GET /admin/jsi18n/ HTTP/1.1" 200 3343
"GET /admin/bom/bom/2/change/ HTTP/1.1" 200 10224
"GET /admin/jsi18n/ HTTP/1.1" 200 3343
"GET /admin/bom/lineitempart/ HTTP/1.1" 200 9471
"GET /admin/jsi18n/ HTTP/1.1" 200 3343
"POST /admin/bom/lineitempart/ HTTP/1.1" 200 8553
"GET /static/admin/js/cancel.js HTTP/1.1" 304 0
"POST /admin/bom/lineitempart/ HTTP/1.1" 302 0
"GET /admin/bom/lineitempart/ HTTP/1.1" 200 7756
"GET /admin/jsi18n/ HTTP/1.1" 200 3343
"GET /static/admin/img/icon-yes.svg HTTP/1.1" 304 0
"GET /admin/bom/bom/ HTTP/1.1" 200 8895
"GET /admin/jsi18n/ HTTP/1.1" 200 3343
"POST /admin/bom/bom/ HTTP/1.1" 200 7741
"POST /admin/bom/bom/ HTTP/1.1" 302 0
"GET /admin/bom/bom/ HTTP/1.1" 200 7678
"GET /admin/jsi18n/ HTTP/1.1" 200 3343
"GET /admin/bom/parts/ HTTP/1.1" 200 9540
"GET /admin/jsi18n/ HTTP/1.1" 200 3343
"POST /admin/bom/parts/ HTTP/1.1" 200 8173
"POST /admin/bom/parts/ HTTP/1.1" 302 0
"GET /admin/bom/parts/ HTTP/1.1" 200 7736
"GET /admin/jsi18n/ HTTP/1.1" 200 3343
"GET /admin/ HTTP/1.1" 200 9629
"GET /bom_upload/ HTTP/1.1" 200 2355
"POST /bom_upload/ HTTP/1.1" 200 7
Watching for file changes with StatReloader
"GET / HTTP/1.1" 200 1713
"GET /bom_upload/ HTTP/1.1" 200 2355
"POST /bom_upload/ HTTP/1.1" 200 7
C:\Users\opti6\OneDrive\Documents\mfg-production-schedule-django\mfg-production-schedule-django\manufacturing_schedule\bom\views.py changed, reloading.
Watching for file changes with StatReloader
Watching for file changes with StatReloader
"GET / HTTP/1.1" 200 1713
"GET /bom_upload/ HTTP/1.1" 200 2355
"POST /bom_upload/ HTTP/1.1" 200 7
C:\Users\opti6\OneDrive\Documents\mfg-production-schedule-django\mfg-production-schedule-django\manufacturing_schedule\bom\views.py changed, reloading.
Watching for file changes with StatReloader
"GET /bom_upload/ HTTP/1.1" 200 2355
"POST /bom_upload/ HTTP/1.1" 200 7
C:\Users\opti6\OneDrive\Documents\mfg-production-schedule-django\mfg-production-schedule-django\manufacturing_schedule\bom\views.py changed, reloading.
Watching for file changes with StatReloader
C:\Users\opti6\OneDrive\Documents\mfg-production-schedule-django\mfg-production-schedule-django\manufacturing_schedule\bom\views.py changed, reloading.
Watching for file changes with StatReloader
"GET /bom_upload/ HTTP/1.1" 200 2355
"POST /bom_upload/ HTTP/1.1" 200 7
C:\Users\opti6\OneDrive\Documents\mfg-production-schedule-django\mfg-production-schedule-django\manufacturing_schedule\bom\views.py changed, reloading.
Watching for file changes with StatReloader
"GET /bom_upload/ HTTP/1.1" 200 2355
"POST /bom_upload/ HTTP/1.1" 200 7
C:\Users\opti6\OneDrive\Documents\mfg-production-schedule-django\mfg-production-schedule-django\manufacturing_schedule\bom\views.py changed, reloading.
Watching for file changes with StatReloader
"GET /bom_upload/ HTTP/1.1" 200 2355
"POST /bom_upload/ HTTP/1.1" 200 7
"GET /admin/ HTTP/1.1" 200 9629
"GET /admin/bom/parts/ HTTP/1.1" 200 9987
"GET /admin/jsi18n/ HTTP/1.1" 200 3343
"GET /admin/bom/parts/12/change/ HTTP/1.1" 200 16918
"GET /admin/jsi18n/ HTTP/1.1" 200 3343
"GET /admin/bom/lineitempart/ HTTP/1.1" 200 7612
"GET /admin/jsi18n/ HTTP/1.1" 200 3343
C:\Users\opti6\OneDrive\Documents\mfg-production-schedule-django\mfg-production-schedule-django\manufacturing_schedule\bom\views.py changed, reloading.
Watching for file changes with StatReloader
"GET /bom_upload/ HTTP/1.1" 200 2355
"POST /bom_upload/ HTTP/1.1" 200 7
C:\Users\opti6\OneDrive\Documents\mfg-production-schedule-django\mfg-production-schedule-django\manufacturing_schedule\bom\views.py changed, reloading.
Watching for file changes with StatReloader
C:\Users\opti6\OneDrive\Documents\mfg-production-schedule-django\mfg-production-schedule-django\manufacturing_schedule\bom\views.py changed, reloading.
Watching for file changes with StatReloader
"GET /bom_upload/ HTTP/1.1" 200 2355
"POST /bom_upload/ HTTP/1.1" 200 7
C:\Users\opti6\OneDrive\Documents\mfg-production-schedule-django\mfg-production-schedule-django\manufacturing_schedule\bom\views.py changed, reloading.
Watching for file changes with StatReloader
C:\Users\opti6\OneDrive\Documents\mfg-production-schedule-django\mfg-production-schedule-django\manufacturing_schedule\bom\views.py changed, reloading.
Watching for file changes with StatReloader
"GET /bom_upload/ HTTP/1.1" 200 2355
"POST /bom_upload/ HTTP/1.1" 200 7
C:\Users\opti6\OneDrive\Documents\mfg-production-schedule-django\mfg-production-schedule-django\manufacturing_schedule\bom\views.py changed, reloading.
Watching for file changes with StatReloader
"GET /bom_upload/ HTTP/1.1" 200 2355
"POST /bom_upload/ HTTP/1.1" 200 7
C:\Users\opti6\OneDrive\Documents\mfg-production-schedule-django\mfg-production-schedule-django\manufacturing_schedule\bom\views.py changed, reloading.
Watching for file changes with StatReloader
C:\Users\opti6\OneDrive\Documents\mfg-production-schedule-django\mfg-production-schedule-django\manufacturing_schedule\bom\views.py changed, reloading.
Watching for file changes with StatReloader
C:\Users\opti6\OneDrive\Documents\mfg-production-schedule-django\mfg-production-schedule-django\manufacturing_schedule\bom\views.py changed, reloading.
Watching for file changes with StatReloader
C:\Users\opti6\OneDrive\Documents\mfg-production-schedule-django\mfg-production-schedule-django\manufacturing_schedule\bom\views.py changed, reloading.
Watching for file changes with StatReloader
"GET /bom_upload/ HTTP/1.1" 200 2355
"POST /bom_upload/ HTTP/1.1" 200 7
C:\Users\opti6\OneDrive\Documents\mfg-production-schedule-django\mfg-production-schedule-django\manufacturing_schedule\bom\views.py changed, reloading.
Watching for file changes with StatReloader
"GET /bom_upload/ HTTP/1.1" 200 2355
"POST /bom_upload/ HTTP/1.1" 200 7
"GET /admin/bom/parts/ HTTP/1.1" 200 18270
"GET /admin/jsi18n/ HTTP/1.1" 200 3343
"GET /admin/bom/parts/48/change/ HTTP/1.1" 200 16925
"GET /admin/jsi18n/ HTTP/1.1" 200 3343
"GET /admin/bom/parts/ HTTP/1.1" 200 18270
"GET /admin/jsi18n/ HTTP/1.1" 200 3343
"GET /admin/bom/bom/ HTTP/1.1" 200 11204
"GET /admin/jsi18n/ HTTP/1.1" 200 3343
"GET /admin/bom/bom/15/change/ HTTP/1.1" 200 12181
"GET /admin/jsi18n/ HTTP/1.1" 200 3343
"GET /admin/bom/lineitempart/ HTTP/1.1" 200 16799
"GET /admin/jsi18n/ HTTP/1.1" 200 3343
"GET /admin/bom/lineitempart/40/change/ HTTP/1.1" 200 16239
"GET /admin/jsi18n/ HTTP/1.1" 200 3343
"GET /static/admin/img/icon-viewlink.svg HTTP/1.1" 200 581
"GET /admin/constants/constantvals/ HTTP/1.1" 200 7611
"GET /admin/jsi18n/ HTTP/1.1" 200 3343
"GET /admin/bom/lineitempart/ HTTP/1.1" 200 16799
"GET /admin/jsi18n/ HTTP/1.1" 200 3343
"GET /admin/bom/bom/ HTTP/1.1" 200 11204
"GET /admin/jsi18n/ HTTP/1.1" 200 3343
"GET /admin/bom/parts/ HTTP/1.1" 200 18270
"GET /admin/jsi18n/ HTTP/1.1" 200 3343
"GET /admin/projects/projects/ HTTP/1.1" 200 7594
"GET /admin/jsi18n/ HTTP/1.1" 200 3343
"GET /admin/bom/lineitempart/ HTTP/1.1" 200 16799
"GET /admin/jsi18n/ HTTP/1.1" 200 3343
C:\Users\opti6\OneDrive\Documents\mfg-production-schedule-django\mfg-production-schedule-django\manufacturing_schedule\bom\views.py changed, reloading.
Watching for file changes with StatReloader
"GET /bom_upload/ HTTP/1.1" 200 2355
"POST /bom_upload/ HTTP/1.1" 200 7
"POST /admin/bom/lineitempart/ HTTP/1.1" 200 16519
"POST /admin/bom/lineitempart/ HTTP/1.1" 302 0
"GET /admin/bom/lineitempart/ HTTP/1.1" 200 15585
"GET /admin/jsi18n/ HTTP/1.1" 200 3343
"POST /admin/bom/lineitempart/ HTTP/1.1" 200 15045
"POST /admin/bom/lineitempart/ HTTP/1.1" 302 0
"GET /admin/bom/lineitempart/ HTTP/1.1" 200 7757
"GET /admin/jsi18n/ HTTP/1.1" 200 3343
"GET /admin/bom/parts/ HTTP/1.1" 200 24480
"GET /admin/jsi18n/ HTTP/1.1" 200 3343
"POST /admin/bom/parts/ HTTP/1.1" 200 18431
"POST /admin/bom/parts/ HTTP/1.1" 302 0
"GET /admin/bom/parts/ HTTP/1.1" 200 7737
"GET /admin/jsi18n/ HTTP/1.1" 200 3343
"GET /admin/bom/bom/ HTTP/1.1" 200 11415
"GET /admin/jsi18n/ HTTP/1.1" 200 3343
"POST /admin/bom/bom/ HTTP/1.1" 200 9371
"POST /admin/bom/bom/ HTTP/1.1" 302 0
"GET /admin/bom/bom/ HTTP/1.1" 200 7679
"GET /admin/jsi18n/ HTTP/1.1" 200 3343
"GET /bom_upload/ HTTP/1.1" 200 2355
C:\Users\opti6\OneDrive\Documents\mfg-production-schedule-django\mfg-production-schedule-django\manufacturing_schedule\bom\models.py changed, reloading.
Watching for file changes with StatReloader
C:\Users\opti6\OneDrive\Documents\mfg-production-schedule-django\mfg-production-schedule-django\manufacturing_schedule\bom\models.py changed, reloading.
Watching for file changes with StatReloader
"POST /bom_upload/ HTTP/1.1" 200 7
"GET /admin/bom/bom/ HTTP/1.1" 200 8682
"GET /admin/jsi18n/ HTTP/1.1" 200 3343
Internal Server Error: /admin/bom/bom/17/change/
Traceback (most recent call last):
  File "C:\Users\opti6\OneDrive\Documents\mfg-production-schedule-django\mfg-production-schedule-django\venv\lib\site-packages\django\core\handlers\exception.py", line 56, in inner
    response = get_response(request)
  File "C:\Users\opti6\OneDrive\Documents\mfg-production-schedule-django\mfg-production-schedule-django\venv\lib\site-packages\django\core\handlers\base.py", line 220, in _get_response
    response = response.render()
  File "C:\Users\opti6\OneDrive\Documents\mfg-production-schedule-django\mfg-production-schedule-django\venv\lib\site-packages\django\template\response.py", line 114, in render
    self.content = self.rendered_content
  File "C:\Users\opti6\OneDrive\Documents\mfg-production-schedule-django\mfg-production-schedule-django\venv\lib\site-packages\django\template\response.py", line 92, in rendered_content
    return template.render(context, self._request)
  File "C:\Users\opti6\OneDrive\Documents\mfg-production-schedule-django\mfg-production-schedule-django\venv\lib\site-packages\django\template\backends\django.py", line 61, in render
    return self.template.render(context)
  File "C:\Users\opti6\OneDrive\Documents\mfg-production-schedule-django\mfg-production-schedule-django\venv\lib\site-packages\django\template\base.py", line 175, in render
    return self._render(context)
  File "C:\Users\opti6\OneDrive\Documents\mfg-production-schedule-django\mfg-production-schedule-django\venv\lib\site-packages\django\template\base.py", line 167, in _render
    return self.nodelist.render(context)
  File "C:\Users\opti6\OneDrive\Documents\mfg-production-schedule-django\mfg-production-schedule-django\venv\lib\site-packages\django\template\base.py", line 1005, in render
    return SafeString("".join([node.render_annotated(context) for node in self]))
  File "C:\Users\opti6\OneDrive\Documents\mfg-production-schedule-django\mfg-production-schedule-django\venv\lib\site-packages\django\template\base.py", line 1005, in <listcomp>
    return SafeString("".join([node.render_annotated(context) for node in self]))
  File "C:\Users\opti6\OneDrive\Documents\mfg-production-schedule-django\mfg-production-schedule-django\venv\lib\site-packages\django\template\base.py", line 966, in render_annotated
    return self.render(context)
  File "C:\Users\opti6\OneDrive\Documents\mfg-production-schedule-django\mfg-production-schedule-django\venv\lib\site-packages\django\template\loader_tags.py", line 157, in render
    return compiled_parent._render(context)
  File "C:\Users\opti6\OneDrive\Documents\mfg-production-schedule-django\mfg-production-schedule-django\venv\lib\site-packages\django\template\base.py", line 167, in _render
    return self.nodelist.render(context)
  File "C:\Users\opti6\OneDrive\Documents\mfg-production-schedule-django\mfg-production-schedule-django\venv\lib\site-packages\django\template\base.py", line 1005, in render
    return SafeString("".join([node.render_annotated(context) for node in self]))
  File "C:\Users\opti6\OneDrive\Documents\mfg-production-schedule-django\mfg-production-schedule-django\venv\lib\site-packages\django\template\base.py", line 1005, in <listcomp>
    return SafeString("".join([node.render_annotated(context) for node in self]))
  File "C:\Users\opti6\OneDrive\Documents\mfg-production-schedule-django\mfg-production-schedule-django\venv\lib\site-packages\django\template\base.py", line 966, in render_annotated
    return self.render(context)
  File "C:\Users\opti6\OneDrive\Documents\mfg-production-schedule-django\mfg-production-schedule-django\venv\lib\site-packages\django\template\loader_tags.py", line 157, in render
    return compiled_parent._render(context)
  File "C:\Users\opti6\OneDrive\Documents\mfg-production-schedule-django\mfg-production-schedule-django\venv\lib\site-packages\django\template\base.py", line 167, in _render
    return self.nodelist.render(context)
  File "C:\Users\opti6\OneDrive\Documents\mfg-production-schedule-django\mfg-production-schedule-django\venv\lib\site-packages\django\template\base.py", line 1005, in render
    return SafeString("".join([node.render_annotated(context) for node in self]))
  File "C:\Users\opti6\OneDrive\Documents\mfg-production-schedule-django\mfg-production-schedule-django\venv\lib\site-packages\django\template\base.py", line 1005, in <listcomp>
    return SafeString("".join([node.render_annotated(context) for node in self]))
  File "C:\Users\opti6\OneDrive\Documents\mfg-production-schedule-django\mfg-production-schedule-django\venv\lib\site-packages\django\template\base.py", line 966, in render_annotated
    return self.render(context)
  File "C:\Users\opti6\OneDrive\Documents\mfg-production-schedule-django\mfg-production-schedule-django\venv\lib\site-packages\django\template\loader_tags.py", line 63, in render
    result = block.nodelist.render(context)
  File "C:\Users\opti6\OneDrive\Documents\mfg-production-schedule-django\mfg-production-schedule-django\venv\lib\site-packages\django\template\base.py", line 1005, in render
    return SafeString("".join([node.render_annotated(context) for node in self]))
  File "C:\Users\opti6\OneDrive\Documents\mfg-production-schedule-django\mfg-production-schedule-django\venv\lib\site-packages\django\template\base.py", line 1005, in <listcomp>
    return SafeString("".join([node.render_annotated(context) for node in self]))
  File "C:\Users\opti6\OneDrive\Documents\mfg-production-schedule-django\mfg-production-schedule-django\venv\lib\site-packages\django\template\base.py", line 966, in render_annotated
    return self.render(context)
  File "C:\Users\opti6\OneDrive\Documents\mfg-production-schedule-django\mfg-production-schedule-django\venv\lib\site-packages\django\template\loader_tags.py", line 63, in render
    result = block.nodelist.render(context)
  File "C:\Users\opti6\OneDrive\Documents\mfg-production-schedule-django\mfg-production-schedule-django\venv\lib\site-packages\django\template\base.py", line 1005, in render
    return SafeString("".join([node.render_annotated(context) for node in self]))
  File "C:\Users\opti6\OneDrive\Documents\mfg-production-schedule-django\mfg-production-schedule-django\venv\lib\site-packages\django\template\base.py", line 1005, in <listcomp>
    return SafeString("".join([node.render_annotated(context) for node in self]))
  File "C:\Users\opti6\OneDrive\Documents\mfg-production-schedule-django\mfg-production-schedule-django\venv\lib\site-packages\django\template\base.py", line 966, in render_annotated
    return self.render(context)
  File "C:\Users\opti6\OneDrive\Documents\mfg-production-schedule-django\mfg-production-schedule-django\venv\lib\site-packages\django\template\defaulttags.py", line 238, in render
    nodelist.append(node.render_annotated(context))
  File "C:\Users\opti6\OneDrive\Documents\mfg-production-schedule-django\mfg-production-schedule-django\venv\lib\site-packages\django\template\base.py", line 966, in render_annotated
    return self.render(context)
  File "C:\Users\opti6\OneDrive\Documents\mfg-production-schedule-django\mfg-production-schedule-django\venv\lib\site-packages\django\template\loader_tags.py", line 208, in render
    return template.render(context)
  File "C:\Users\opti6\OneDrive\Documents\mfg-production-schedule-django\mfg-production-schedule-django\venv\lib\site-packages\django\template\base.py", line 177, in render
    return self._render(context)
  File "C:\Users\opti6\OneDrive\Documents\mfg-production-schedule-django\mfg-production-schedule-django\venv\lib\site-packages\django\template\base.py", line 167, in _render
    return self.nodelist.render(context)
  File "C:\Users\opti6\OneDrive\Documents\mfg-production-schedule-django\mfg-production-schedule-django\venv\lib\site-packages\django\template\base.py", line 1005, in render
    return SafeString("".join([node.render_annotated(context) for node in self]))
  File "C:\Users\opti6\OneDrive\Documents\mfg-production-schedule-django\mfg-production-schedule-django\venv\lib\site-packages\django\template\base.py", line 1005, in <listcomp>
    return SafeString("".join([node.render_annotated(context) for node in self]))
  File "C:\Users\opti6\OneDrive\Documents\mfg-production-schedule-django\mfg-production-schedule-django\venv\lib\site-packages\django\template\base.py", line 966, in render_annotated
    return self.render(context)
  File "C:\Users\opti6\OneDrive\Documents\mfg-production-schedule-django\mfg-production-schedule-django\venv\lib\site-packages\django\template\defaulttags.py", line 238, in render
    nodelist.append(node.render_annotated(context))
  File "C:\Users\opti6\OneDrive\Documents\mfg-production-schedule-django\mfg-production-schedule-django\venv\lib\site-packages\django\template\base.py", line 966, in render_annotated
    return self.render(context)
  File "C:\Users\opti6\OneDrive\Documents\mfg-production-schedule-django\mfg-production-schedule-django\venv\lib\site-packages\django\template\defaulttags.py", line 238, in render
    nodelist.append(node.render_annotated(context))
  File "C:\Users\opti6\OneDrive\Documents\mfg-production-schedule-django\mfg-production-schedule-django\venv\lib\site-packages\django\template\base.py", line 966, in render_annotated
    return self.render(context)
  File "C:\Users\opti6\OneDrive\Documents\mfg-production-schedule-django\mfg-production-schedule-django\venv\lib\site-packages\django\template\defaulttags.py", line 321, in render
    return nodelist.render(context)
  File "C:\Users\opti6\OneDrive\Documents\mfg-production-schedule-django\mfg-production-schedule-django\venv\lib\site-packages\django\template\base.py", line 1005, in render
    return SafeString("".join([node.render_annotated(context) for node in self]))
  File "C:\Users\opti6\OneDrive\Documents\mfg-production-schedule-django\mfg-production-schedule-django\venv\lib\site-packages\django\template\base.py", line 1005, in <listcomp>
    return SafeString("".join([node.render_annotated(context) for node in self]))
  File "C:\Users\opti6\OneDrive\Documents\mfg-production-schedule-django\mfg-production-schedule-django\venv\lib\site-packages\django\template\base.py", line 966, in render_annotated
    return self.render(context)
  File "C:\Users\opti6\OneDrive\Documents\mfg-production-schedule-django\mfg-production-schedule-django\venv\lib\site-packages\django\template\defaulttags.py", line 321, in render
    return nodelist.render(context)
  File "C:\Users\opti6\OneDrive\Documents\mfg-production-schedule-django\mfg-production-schedule-django\venv\lib\site-packages\django\template\base.py", line 1005, in render
    return SafeString("".join([node.render_annotated(context) for node in self]))
  File "C:\Users\opti6\OneDrive\Documents\mfg-production-schedule-django\mfg-production-schedule-django\venv\lib\site-packages\django\template\base.py", line 1005, in <listcomp>
    return SafeString("".join([node.render_annotated(context) for node in self]))
  File "C:\Users\opti6\OneDrive\Documents\mfg-production-schedule-django\mfg-production-schedule-django\venv\lib\site-packages\django\template\base.py", line 966, in render_annotated
    return self.render(context)
  File "C:\Users\opti6\OneDrive\Documents\mfg-production-schedule-django\mfg-production-schedule-django\venv\lib\site-packages\django\template\base.py", line 1070, in render
    return render_value_in_context(output, context)
  File "C:\Users\opti6\OneDrive\Documents\mfg-production-schedule-django\mfg-production-schedule-django\venv\lib\site-packages\django\template\base.py", line 1047, in render_value_in_context
    value = str(value)
  File "C:\Users\opti6\OneDrive\Documents\mfg-production-schedule-django\mfg-production-schedule-django\venv\lib\site-packages\django\utils\html.py", line 419, in <lambda>
    klass.__str__ = lambda self: mark_safe(klass_str(self))
  File "C:\Users\opti6\OneDrive\Documents\mfg-production-schedule-django\mfg-production-schedule-django\venv\lib\site-packages\django\forms\boundfield.py", line 34, in __str__
    return self.as_widget()
  File "C:\Users\opti6\OneDrive\Documents\mfg-production-schedule-django\mfg-production-schedule-django\venv\lib\site-packages\django\forms\boundfield.py", line 99, in as_widget
    return widget.render(
  File "C:\Users\opti6\OneDrive\Documents\mfg-production-schedule-django\mfg-production-schedule-django\venv\lib\site-packages\django\forms\widgets.py", line 280, in render
    context = self.get_context(name, value, attrs)
  File "C:\Users\opti6\OneDrive\Documents\mfg-production-schedule-django\mfg-production-schedule-django\venv\lib\site-packages\django\contrib\admin\widgets.py", line 312, in get_context
    "rendered_widget": self.widget.render(name, value, attrs),
  File "C:\Users\opti6\OneDrive\Documents\mfg-production-schedule-django\mfg-production-schedule-django\venv\lib\site-packages\django\forms\widgets.py", line 280, in render
    context = self.get_context(name, value, attrs)
  File "C:\Users\opti6\OneDrive\Documents\mfg-production-schedule-django\mfg-production-schedule-django\venv\lib\site-packages\django\forms\widgets.py", line 733, in get_context
    context = super().get_context(name, value, attrs)
  File "C:\Users\opti6\OneDrive\Documents\mfg-production-schedule-django\mfg-production-schedule-django\venv\lib\site-packages\django\forms\widgets.py", line 692, in get_context
    context["widget"]["optgroups"] = self.optgroups(
  File "C:\Users\opti6\OneDrive\Documents\mfg-production-schedule-django\mfg-production-schedule-django\venv\lib\site-packages\django\forms\widgets.py", line 632, in optgroups
    for index, (option_value, option_label) in enumerate(self.choices):
  File "C:\Users\opti6\OneDrive\Documents\mfg-production-schedule-django\mfg-production-schedule-django\venv\lib\site-packages\django\forms\models.py", line 1410, in __iter__
    yield self.choice(obj)
  File "C:\Users\opti6\OneDrive\Documents\mfg-production-schedule-django\mfg-production-schedule-django\venv\lib\site-packages\django\forms\models.py", line 1424, in choice
    self.field.label_from_instance(obj),
  File "C:\Users\opti6\OneDrive\Documents\mfg-production-schedule-django\mfg-production-schedule-django\venv\lib\site-packages\django\forms\models.py", line 1510, in label_from_instance
    return str(obj)
  File "C:\Users\opti6\OneDrive\Documents\mfg-production-schedule-django\mfg-production-schedule-django\manufacturing_schedule\bom\models.py", line 52, in __str__
    return (self.line_item_part + '-' + 'qty: ' + self.qty)
TypeError: unsupported operand type(s) for +: 'Parts' and 'str'
"GET /admin/bom/bom/17/change/ HTTP/1.1" 500 683523
"GET /admin/bom/bom/ HTTP/1.1" 200 8682
"GET /admin/bom/parts/ HTTP/1.1" 200 14785
"GET /admin/jsi18n/ HTTP/1.1" 200 3343
Internal Server Error: /admin/bom/lineitempart/
Traceback (most recent call last):
  File "C:\Users\opti6\OneDrive\Documents\mfg-production-schedule-django\mfg-production-schedule-django\venv\lib\site-packages\django\db\models\options.py", line 669, in get_field
    return self.fields_map[field_name]
KeyError: '__str__'

During handling of the above exception, another exception occurred:

Traceback (most recent call last):
  File "C:\Users\opti6\OneDrive\Documents\mfg-production-schedule-django\mfg-production-schedule-django\venv\lib\site-packages\django\contrib\admin\utils.py", line 271, in lookup_field
    f = _get_non_gfk_field(opts, name)
  File "C:\Users\opti6\OneDrive\Documents\mfg-production-schedule-django\mfg-production-schedule-django\venv\lib\site-packages\django\contrib\admin\utils.py", line 302, in _get_non_gfk_field
    field = opts.get_field(name)
  File "C:\Users\opti6\OneDrive\Documents\mfg-production-schedule-django\mfg-production-schedule-django\venv\lib\site-packages\django\db\models\options.py", line 671, in get_field
    raise FieldDoesNotExist(
django.core.exceptions.FieldDoesNotExist: LineItemPart has no field named '__str__'

During handling of the above exception, another exception occurred:

Traceback (most recent call last):
  File "C:\Users\opti6\OneDrive\Documents\mfg-production-schedule-django\mfg-production-schedule-django\venv\lib\site-packages\django\core\handlers\exception.py", line 56, in inner
    response = get_response(request)
  File "C:\Users\opti6\OneDrive\Documents\mfg-production-schedule-django\mfg-production-schedule-django\venv\lib\site-packages\django\core\handlers\base.py", line 220, in _get_response
    response = response.render()
  File "C:\Users\opti6\OneDrive\Documents\mfg-production-schedule-django\mfg-production-schedule-django\venv\lib\site-packages\django\template\response.py", line 114, in render
    self.content = self.rendered_content
  File "C:\Users\opti6\OneDrive\Documents\mfg-production-schedule-django\mfg-production-schedule-django\venv\lib\site-packages\django\template\response.py", line 92, in rendered_content
    return template.render(context, self._request)
  File "C:\Users\opti6\OneDrive\Documents\mfg-production-schedule-django\mfg-production-schedule-django\venv\lib\site-packages\django\template\backends\django.py", line 61, in render
    return self.template.render(context)
  File "C:\Users\opti6\OneDrive\Documents\mfg-production-schedule-django\mfg-production-schedule-django\venv\lib\site-packages\django\template\base.py", line 175, in render
    return self._render(context)
  File "C:\Users\opti6\OneDrive\Documents\mfg-production-schedule-django\mfg-production-schedule-django\venv\lib\site-packages\django\template\base.py", line 167, in _render
    return self.nodelist.render(context)
  File "C:\Users\opti6\OneDrive\Documents\mfg-production-schedule-django\mfg-production-schedule-django\venv\lib\site-packages\django\template\base.py", line 1005, in render
    return SafeString("".join([node.render_annotated(context) for node in self]))
  File "C:\Users\opti6\OneDrive\Documents\mfg-production-schedule-django\mfg-production-schedule-django\venv\lib\site-packages\django\template\base.py", line 1005, in <listcomp>
    return SafeString("".join([node.render_annotated(context) for node in self]))
  File "C:\Users\opti6\OneDrive\Documents\mfg-production-schedule-django\mfg-production-schedule-django\venv\lib\site-packages\django\template\base.py", line 966, in render_annotated
    return self.render(context)
  File "C:\Users\opti6\OneDrive\Documents\mfg-production-schedule-django\mfg-production-schedule-django\venv\lib\site-packages\django\template\loader_tags.py", line 157, in render
    return compiled_parent._render(context)
  File "C:\Users\opti6\OneDrive\Documents\mfg-production-schedule-django\mfg-production-schedule-django\venv\lib\site-packages\django\template\base.py", line 167, in _render
    return self.nodelist.render(context)
  File "C:\Users\opti6\OneDrive\Documents\mfg-production-schedule-django\mfg-production-schedule-django\venv\lib\site-packages\django\template\base.py", line 1005, in render
    return SafeString("".join([node.render_annotated(context) for node in self]))
  File "C:\Users\opti6\OneDrive\Documents\mfg-production-schedule-django\mfg-production-schedule-django\venv\lib\site-packages\django\template\base.py", line 1005, in <listcomp>
    return SafeString("".join([node.render_annotated(context) for node in self]))
  File "C:\Users\opti6\OneDrive\Documents\mfg-production-schedule-django\mfg-production-schedule-django\venv\lib\site-packages\django\template\base.py", line 966, in render_annotated
    return self.render(context)
  File "C:\Users\opti6\OneDrive\Documents\mfg-production-schedule-django\mfg-production-schedule-django\venv\lib\site-packages\django\template\loader_tags.py", line 157, in render
    return compiled_parent._render(context)
  File "C:\Users\opti6\OneDrive\Documents\mfg-production-schedule-django\mfg-production-schedule-django\venv\lib\site-packages\django\template\base.py", line 167, in _render
    return self.nodelist.render(context)
  File "C:\Users\opti6\OneDrive\Documents\mfg-production-schedule-django\mfg-production-schedule-django\venv\lib\site-packages\django\template\base.py", line 1005, in render
    return SafeString("".join([node.render_annotated(context) for node in self]))
  File "C:\Users\opti6\OneDrive\Documents\mfg-production-schedule-django\mfg-production-schedule-django\venv\lib\site-packages\django\template\base.py", line 1005, in <listcomp>
    return SafeString("".join([node.render_annotated(context) for node in self]))
  File "C:\Users\opti6\OneDrive\Documents\mfg-production-schedule-django\mfg-production-schedule-django\venv\lib\site-packages\django\template\base.py", line 966, in render_annotated
    return self.render(context)
  File "C:\Users\opti6\OneDrive\Documents\mfg-production-schedule-django\mfg-production-schedule-django\venv\lib\site-packages\django\template\loader_tags.py", line 63, in render
    result = block.nodelist.render(context)
  File "C:\Users\opti6\OneDrive\Documents\mfg-production-schedule-django\mfg-production-schedule-django\venv\lib\site-packages\django\template\base.py", line 1005, in render
    return SafeString("".join([node.render_annotated(context) for node in self]))
  File "C:\Users\opti6\OneDrive\Documents\mfg-production-schedule-django\mfg-production-schedule-django\venv\lib\site-packages\django\template\base.py", line 1005, in <listcomp>
    return SafeString("".join([node.render_annotated(context) for node in self]))
  File "C:\Users\opti6\OneDrive\Documents\mfg-production-schedule-django\mfg-production-schedule-django\venv\lib\site-packages\django\template\base.py", line 966, in render_annotated
    return self.render(context)
  File "C:\Users\opti6\OneDrive\Documents\mfg-production-schedule-django\mfg-production-schedule-django\venv\lib\site-packages\django\template\loader_tags.py", line 63, in render
    result = block.nodelist.render(context)
  File "C:\Users\opti6\OneDrive\Documents\mfg-production-schedule-django\mfg-production-schedule-django\venv\lib\site-packages\django\template\base.py", line 1005, in render
    return SafeString("".join([node.render_annotated(context) for node in self]))
  File "C:\Users\opti6\OneDrive\Documents\mfg-production-schedule-django\mfg-production-schedule-django\venv\lib\site-packages\django\template\base.py", line 1005, in <listcomp>
    return SafeString("".join([node.render_annotated(context) for node in self]))
  File "C:\Users\opti6\OneDrive\Documents\mfg-production-schedule-django\mfg-production-schedule-django\venv\lib\site-packages\django\template\base.py", line 966, in render_annotated
    return self.render(context)
  File "C:\Users\opti6\OneDrive\Documents\mfg-production-schedule-django\mfg-production-schedule-django\venv\lib\site-packages\django\contrib\admin\templatetags\base.py", line 45, in render
    return super().render(context)
  File "C:\Users\opti6\OneDrive\Documents\mfg-production-schedule-django\mfg-production-schedule-django\venv\lib\site-packages\django\template\library.py", line 258, in render
    _dict = self.func(*resolved_args, **resolved_kwargs)
  File "C:\Users\opti6\OneDrive\Documents\mfg-production-schedule-django\mfg-production-schedule-django\venv\lib\site-packages\django\contrib\admin\templatetags\admin_list.py", line 336, in result_list
    "results": list(results(cl)),
  File "C:\Users\opti6\OneDrive\Documents\mfg-production-schedule-django\mfg-production-schedule-django\venv\lib\site-packages\django\contrib\admin\templatetags\admin_list.py", line 312, in results
    yield ResultList(None, items_for_result(cl, res, None))
  File "C:\Users\opti6\OneDrive\Documents\mfg-production-schedule-django\mfg-production-schedule-django\venv\lib\site-packages\django\contrib\admin\templatetags\admin_list.py", line 303, in __init__
    super().__init__(*items)
  File "C:\Users\opti6\OneDrive\Documents\mfg-production-schedule-django\mfg-production-schedule-django\venv\lib\site-packages\django\contrib\admin\templatetags\admin_list.py", line 213, in items_for_result
    f, attr, value = lookup_field(field_name, result, cl.model_admin)
  File "C:\Users\opti6\OneDrive\Documents\mfg-production-schedule-django\mfg-production-schedule-django\venv\lib\site-packages\django\contrib\admin\utils.py", line 284, in lookup_field
    value = attr()
  File "C:\Users\opti6\OneDrive\Documents\mfg-production-schedule-django\mfg-production-schedule-django\manufacturing_schedule\bom\models.py", line 52, in __str__
    return (self.line_item_part + '-' + 'qty: ' + self.qty)
TypeError: unsupported operand type(s) for +: 'Parts' and 'str'
"GET /admin/bom/lineitempart/ HTTP/1.1" 500 440137
C:\Users\opti6\OneDrive\Documents\mfg-production-schedule-django\mfg-production-schedule-django\manufacturing_schedule\bom\models.py changed, reloading.
Watching for file changes with StatReloader
"GET /admin/bom/lineitempart/ HTTP/1.1" 200 15219
"GET /admin/jsi18n/ HTTP/1.1" 200 3343
C:\Users\opti6\OneDrive\Documents\mfg-production-schedule-django\mfg-production-schedule-django\manufacturing_schedule\bom\models.py changed, reloading.
Watching for file changes with StatReloader
"GET /admin/bom/lineitempart/ HTTP/1.1" 200 15279
"GET /admin/jsi18n/ HTTP/1.1" 200 3343
"GET /admin/bom/bom/ HTTP/1.1" 200 8682
"GET /admin/jsi18n/ HTTP/1.1" 200 3343
"GET /admin/bom/lineitempart/ HTTP/1.1" 200 15279
"GET /admin/jsi18n/ HTTP/1.1" 200 3343
C:\Users\opti6\OneDrive\Documents\mfg-production-schedule-django\mfg-production-schedule-django\manufacturing_schedule\bom\models.py changed, reloading.
Watching for file changes with StatReloader
"GET /admin/bom/lineitempart/ HTTP/1.1" 200 15430
"GET /admin/jsi18n/ HTTP/1.1" 200 3343
C:\Users\opti6\OneDrive\Documents\mfg-production-schedule-django\mfg-production-schedule-django\manufacturing_schedule\bom\models.py changed, reloading.
Watching for file changes with StatReloader
"GET /admin/bom/lineitempart/ HTTP/1.1" 200 15460
"GET /admin/jsi18n/ HTTP/1.1" 200 3343
C:\Users\opti6\OneDrive\Documents\mfg-production-schedule-django\mfg-production-schedule-django\manufacturing_schedule\bom\models.py changed, reloading.
Watching for file changes with StatReloader
"GET /admin/bom/lineitempart/ HTTP/1.1" 200 15550
"GET /admin/jsi18n/ HTTP/1.1" 200 3343
"GET /admin/bom/bom/ HTTP/1.1" 200 8682
"GET /admin/jsi18n/ HTTP/1.1" 200 3343
"GET /admin/bom/parts/ HTTP/1.1" 200 14785
"GET /admin/jsi18n/ HTTP/1.1" 200 3343
"GET /admin/bom/bom/ HTTP/1.1" 200 8682
"GET /admin/jsi18n/ HTTP/1.1" 200 3343
"GET /admin/bom/bom/17/change/ HTTP/1.1" 200 12051
"GET /admin/jsi18n/ HTTP/1.1" 200 3343
C:\Users\opti6\OneDrive\Documents\mfg-production-schedule-django\mfg-production-schedule-django\manufacturing_schedule\bom\models.py changed, reloading.
Watching for file changes with StatReloader
